<?xml version="1.0" encoding="UTF-8"?>
<testsuite xmlns:xsi="http://www.w3.org/2001/XMLSchema-instance" xsi:noNamespaceSchemaLocation="https://maven.apache.org/surefire/maven-surefire-plugin/xsd/surefire-test-report.xsd" name="LiteratureTest" time="0.109" tests="4" errors="0" skipped="0" failures="4">
  <properties>
[...]
</properties>
  <testcase name="orderByAgeRecommendationAndName1" classname="LiteratureTest" time="0.01">
    <failure message="When the program gets 3 books as input, it is expected that the output would contain the String &quot;3 books in total&quot;. This didn&apos;t happen. The input was:&#10;[aapinen, 1990, sorsanen, 1991, kukkonen, 1989]" type="java.lang.AssertionError">java.lang.AssertionError: 
When the program gets 3 books as input, it is expected that the output would contain the String "3 books in total". This didn't happen. The input was:
[aapinen, 1990, sorsanen, 1991, kukkonen, 1989]
	at LiteratureTest.orderByAgeRecommendationAndName1(LiteratureTest.java:116)
</failure>
  </testcase>
  <testcase name="orderByAgeRecommendationAndName2" classname="LiteratureTest" time="0.001">
    <failure message="When the program gets 4 books as input, it is expected that the output would contain the String &quot;4 books in total&quot;. This didn&apos;t happen. The input was:&#10;[bbbb, 1, aaaa, 1, cccc, 1, dddd, 0]" type="java.lang.AssertionError">java.lang.AssertionError: 
When the program gets 4 books as input, it is expected that the output would contain the String "4 books in total". This didn't happen. The input was:
[bbbb, 1, aaaa, 1, cccc, 1, dddd, 0]
	at LiteratureTest.orderByAgeRecommendationAndName2(LiteratureTest.java:155)
</failure>
  </testcase>
  <testcase name="areBooksAndAmountPrinted1" classname="LiteratureTest" time="0.001">
    <failure message="When the program gets five books as input, it is expected that the output would contain the String &quot;5 books in total&quot;. This didn&apos;t happen. The input was:&#10;[aapinen, 3, kukkonen, 4, paapinen, 5, kiukkunen, 1, ukkonen, 2]" type="java.lang.AssertionError">java.lang.AssertionError: 
When the program gets five books as input, it is expected that the output would contain the String "5 books in total". This didn't happen. The input was:
[aapinen, 3, kukkonen, 4, paapinen, 5, kiukkunen, 1, ukkonen, 2]
	at LiteratureTest.areBooksAndAmountPrinted1(LiteratureTest.java:36)
</failure>
  </testcase>
  <testcase name="orderByAgeRecommendation" classname="LiteratureTest" time="0.001">
    <failure message="When the program gets 6 books as input, it is expected that the output would contain the String &quot;6 books in total&quot;. This didn&apos;t happen. The input was:&#10;[aapinen1, 30, kukkonen1, 40, aapinen2, 50, kukkonen2, 10, kukkonen3, 20, aapinen3, 60]" type="java.lang.AssertionError">java.lang.AssertionError: 
When the program gets 6 books as input, it is expected that the output would contain the String "6 books in total". This didn't happen. The input was:
[aapinen1, 30, kukkonen1, 40, aapinen2, 50, kukkonen2, 10, kukkonen3, 20, aapinen3, 60]
	at LiteratureTest.orderByAgeRecommendation(LiteratureTest.java:72)
</failure>
  </testcase>
</testsuite>